2025-12-27 22:55:15 - rag_chatbot - INFO - Starting FastAPI on http://0.0.0.0:8000
2025-12-27 22:55:15 - rag_chatbot - INFO - Starting Streamlit on http://0.0.0.0:8501
2025-12-27 22:55:15 - rag_chatbot - INFO - FastAPI application startup initiated.
2025-12-27 22:55:15 - rag_chatbot - INFO - Loading PDF documents from policies folder...
2025-12-27 22:55:15 - rag_chatbot - INFO - Loading PDF: /Users/kanavkalra/Data/genAI/projects/policies/Human Resource/20250929120836_Employee Benefits Manual.pdf
2025-12-27 22:55:15 - rag_chatbot - INFO - Loaded 19 pages from 20250929120836_Employee Benefits Manual.pdf
2025-12-27 22:55:15 - rag_chatbot - INFO - Loading PDF: /Users/kanavkalra/Data/genAI/projects/policies/Human Resource/20250904181509_Performance Improvement Process (Centre of Excellence).pdf
2025-12-27 22:55:15 - rag_chatbot - INFO - Loaded 7 pages from 20250904181509_Performance Improvement Process (Centre of Excellence).pdf
2025-12-27 22:55:15 - rag_chatbot - INFO - Loading PDF: /Users/kanavkalra/Data/genAI/projects/policies/Human Resource/20251114100437_Whistleblower Policy.pdf
2025-12-27 22:55:15 - rag_chatbot - INFO - Loaded 7 pages from 20251114100437_Whistleblower Policy.pdf
2025-12-27 22:55:15 - rag_chatbot - INFO - Loading PDF: /Users/kanavkalra/Data/genAI/projects/policies/Human Resource/20250328152346_Grievance Redressal Policy.pdf
2025-12-27 22:55:15 - rag_chatbot - INFO - Loaded 4 pages from 20250328152346_Grievance Redressal Policy.pdf
2025-12-27 22:55:15 - rag_chatbot - INFO - Loading PDF: /Users/kanavkalra/Data/genAI/projects/policies/Human Resource/20250715133837_Travel Policy.pdf
2025-12-27 22:55:15 - rag_chatbot - INFO - Loaded 8 pages from 20250715133837_Travel Policy.pdf
2025-12-27 22:55:15 - rag_chatbot - INFO - Loading PDF: /Users/kanavkalra/Data/genAI/projects/policies/Human Resource/20250904181708_Performance Improvement Process (Others).pdf
2025-12-27 22:55:15 - rag_chatbot - INFO - Loaded 6 pages from 20250904181708_Performance Improvement Process (Others).pdf
2025-12-27 22:55:15 - rag_chatbot - INFO - Loading PDF: /Users/kanavkalra/Data/genAI/projects/policies/Human Resource/20250904181300_Performance Improvement Process - Managers Guidelines.pdf
2025-12-27 22:55:15 - rag_chatbot - INFO - Loaded 3 pages from 20250904181300_Performance Improvement Process - Managers Guidelines.pdf
2025-12-27 22:55:15 - rag_chatbot - INFO - Loading PDF: /Users/kanavkalra/Data/genAI/projects/policies/Human Resource/20250930120517_Leave Policy Revised.pdf
2025-12-27 22:55:15 - rag_chatbot - INFO - Loaded 8 pages from 20250930120517_Leave Policy Revised.pdf
2025-12-27 22:55:15 - rag_chatbot - INFO - Loading PDF: /Users/kanavkalra/Data/genAI/projects/policies/Human Resource/20250930120726_POSH - Prevention of Sexual Harassment.pdf
2025-12-27 22:55:15 - rag_chatbot - INFO - Loaded 5 pages from 20250930120726_POSH - Prevention of Sexual Harassment.pdf
2025-12-27 22:55:15 - rag_chatbot - INFO - Loading PDF: /Users/kanavkalra/Data/genAI/projects/policies/Human Resource/20250930120017_Background Check Policy.pdf
2025-12-27 22:55:16 - rag_chatbot - INFO - Loaded 8 pages from 20250930120017_Background Check Policy.pdf
2025-12-27 22:55:16 - rag_chatbot - INFO - Loading PDF: /Users/kanavkalra/Data/genAI/projects/policies/Human Resource/20250930121547_Workplace Safety and Protection Policy.pdf
2025-12-27 22:55:16 - rag_chatbot - INFO - Loaded 2 pages from 20250930121547_Workplace Safety and Protection Policy.pdf
2025-12-27 22:55:16 - rag_chatbot - INFO - Loading PDF: /Users/kanavkalra/Data/genAI/projects/policies/Human Resource/20251223130534_Holiday List - 2026.pdf
2025-12-27 22:55:16 - rag_chatbot - INFO - Loaded 1 pages from 20251223130534_Holiday List - 2026.pdf
2025-12-27 22:55:16 - rag_chatbot - INFO - Loading PDF: /Users/kanavkalra/Data/genAI/projects/policies/Human Resource/20250930121353_Work Schedule Policy.pdf
2025-12-27 22:55:16 - rag_chatbot - INFO - Loaded 2 pages from 20250930121353_Work Schedule Policy.pdf
2025-12-27 22:55:16 - rag_chatbot - INFO - Loading PDF: /Users/kanavkalra/Data/genAI/projects/policies/Human Resource/20250328152516_POSH - Constitution and Role of ICRC.pdf
2025-12-27 22:55:16 - rag_chatbot - INFO - Loaded 6 pages from 20250328152516_POSH - Constitution and Role of ICRC.pdf
2025-12-27 22:55:16 - rag_chatbot - INFO - Loading PDF: /Users/kanavkalra/Data/genAI/projects/policies/Human Resource/20250228135034_Consequence Management Framework_REA India.pdf
2025-12-27 22:55:16 - rag_chatbot - INFO - Loaded 5 pages from 20250228135034_Consequence Management Framework_REA India.pdf
2025-12-27 22:55:16 - rag_chatbot - INFO - Loading PDF: /Users/kanavkalra/Data/genAI/projects/policies/Human Resource/20250905172243_Staff Welfare Policy.pdf
2025-12-27 22:55:16 - rag_chatbot - INFO - Loaded 3 pages from 20250905172243_Staff Welfare Policy.pdf
2025-12-27 22:55:16 - rag_chatbot - INFO - Loading PDF: /Users/kanavkalra/Data/genAI/projects/policies/Human Resource/20250930154844_The Ultimate Gift Policy.pdf
2025-12-27 22:55:16 - rag_chatbot - INFO - Loaded 7 pages from 20250930154844_The Ultimate Gift Policy.pdf
2025-12-27 22:55:16 - rag_chatbot - INFO - Loading PDF: /Users/kanavkalra/Data/genAI/projects/policies/Human Resource/20250905172140_Mobility Policy.pdf
2025-12-27 22:55:16 - rag_chatbot - INFO - Loaded 4 pages from 20250905172140_Mobility Policy.pdf
2025-12-27 22:55:16 - rag_chatbot - INFO - Loading PDF: /Users/kanavkalra/Data/genAI/projects/policies/Human Resource/20250930120918_Referral Policy.pdf
2025-12-27 22:55:16 - rag_chatbot - INFO - Loaded 4 pages from 20250930120918_Referral Policy.pdf
2025-12-27 22:55:16 - rag_chatbot - INFO - Loading PDF: /Users/kanavkalra/Data/genAI/projects/policies/Human Resource/20251118181256_Group Term Life & Personal Accident Coverage_2025.pdf
2025-12-27 22:55:16 - rag_chatbot - INFO - Loaded 9 pages from 20251118181256_Group Term Life & Personal Accident Coverage_2025.pdf
2025-12-27 22:55:16 - rag_chatbot - INFO - Loading PDF: /Users/kanavkalra/Data/genAI/projects/policies/Human Resource/20250912150456_The Future of Work.pdf
2025-12-27 22:55:16 - rag_chatbot - INFO - Loaded 27 pages from 20250912150456_The Future of Work.pdf
2025-12-27 22:55:16 - rag_chatbot - INFO - Loading PDF: /Users/kanavkalra/Data/genAI/projects/policies/Human Resource/20250930121014_Salary Advance - Helping Hands.pdf
2025-12-27 22:55:16 - rag_chatbot - INFO - Loaded 4 pages from 20250930121014_Salary Advance - Helping Hands.pdf
2025-12-27 22:55:16 - rag_chatbot - INFO - Loading PDF: /Users/kanavkalra/Data/genAI/projects/policies/Human Resource/20250930120821_Privacy Policy.pdf
2025-12-27 22:55:17 - rag_chatbot - INFO - Loaded 7 pages from 20250930120821_Privacy Policy.pdf
2025-12-27 22:55:17 - rag_chatbot - INFO - Loading PDF: /Users/kanavkalra/Data/genAI/projects/policies/Human Resource/20241125104515_The Vault - Employee Advance Policy.pdf
2025-12-27 22:55:17 - rag_chatbot - INFO - Loaded 4 pages from 20241125104515_The Vault - Employee Advance Policy.pdf
2025-12-27 22:55:17 - rag_chatbot - INFO - Loading PDF: /Users/kanavkalra/Data/genAI/projects/policies/Human Resource/20250807191147_REA Group – Securities Trading Policy.pdf
2025-12-27 22:55:17 - rag_chatbot - INFO - Loaded 11 pages from 20250807191147_REA Group – Securities Trading Policy.pdf
2025-12-27 22:55:17 - rag_chatbot - INFO - Loading PDF: /Users/kanavkalra/Data/genAI/projects/policies/Human Resource/20230731201632_Employee Handbook.pdf
2025-12-27 22:55:17 - rag_chatbot - INFO - Loaded 29 pages from 20230731201632_Employee Handbook.pdf
2025-12-27 22:55:17 - rag_chatbot - INFO - Loading PDF: /Users/kanavkalra/Data/genAI/projects/policies/Human Resource/20250904181601_Performance Improvement Process (Housing Sales).pdf
2025-12-27 22:55:17 - rag_chatbot - INFO - Loaded 7 pages from 20250904181601_Performance Improvement Process (Housing Sales).pdf
2025-12-27 22:55:17 - rag_chatbot - INFO - Loading PDF: /Users/kanavkalra/Data/genAI/projects/policies/Human Resource/20250930120621_Local Conveyance Policy.pdf
2025-12-27 22:55:17 - rag_chatbot - INFO - Loaded 4 pages from 20250930120621_Local Conveyance Policy.pdf
2025-12-27 22:55:17 - rag_chatbot - INFO - Loading PDF: /Users/kanavkalra/Data/genAI/projects/policies/Human Resource/20250625143214_Child Care Allowance Policy.pdf
2025-12-27 22:55:17 - rag_chatbot - INFO - Loaded 4 pages from 20250625143214_Child Care Allowance Policy.pdf
2025-12-27 22:55:17 - rag_chatbot - INFO - Loading PDF: /Users/kanavkalra/Data/genAI/projects/policies/Human Resource/20250930120412_HRIS User Access Management.pdf
2025-12-27 22:55:17 - rag_chatbot - INFO - Loaded 6 pages from 20250930120412_HRIS User Access Management.pdf
2025-12-27 22:55:17 - rag_chatbot - INFO - Loading PDF: /Users/kanavkalra/Data/genAI/projects/policies/Human Resource/20250625142928_Other Expenses Guidelines - The List .pdf
2025-12-27 22:55:17 - rag_chatbot - INFO - Loaded 5 pages from 20250625142928_Other Expenses Guidelines - The List .pdf
2025-12-27 22:55:17 - rag_chatbot - INFO - Loading PDF: /Users/kanavkalra/Data/genAI/projects/policies/Human Resource/20250930120125_Exit Process.pdf
2025-12-27 22:55:18 - rag_chatbot - INFO - Loaded 8 pages from 20250930120125_Exit Process.pdf
2025-12-27 22:55:18 - rag_chatbot - INFO - Loading PDF: /Users/kanavkalra/Data/genAI/projects/policies/Human Resource/20250625143414_Mobile Reimbursement Policy.pdf
2025-12-27 22:55:18 - rag_chatbot - INFO - Loaded 3 pages from 20250625143414_Mobile Reimbursement Policy.pdf
2025-12-27 22:55:18 - rag_chatbot - INFO - Loading PDF: /Users/kanavkalra/Data/genAI/projects/policies/Human Resource/20250328152718_Social Media Policy.pdf
2025-12-27 22:55:18 - rag_chatbot - INFO - Loaded 6 pages from 20250328152718_Social Media Policy.pdf
2025-12-27 22:55:18 - rag_chatbot - INFO - Loading PDF: /Users/kanavkalra/Data/genAI/projects/policies/Human Resource/20250930120235_HR Security Policy.pdf
2025-12-27 22:55:18 - rag_chatbot - INFO - Loaded 7 pages from 20250930120235_HR Security Policy.pdf
2025-12-27 22:55:18 - rag_chatbot - INFO - Loading PDF: /Users/kanavkalra/Data/genAI/projects/policies/Cyber Security/20250930154731_Secure Coding Guidelines .pdf
2025-12-27 22:55:18 - rag_chatbot - INFO - Loaded 7 pages from 20250930154731_Secure Coding Guidelines .pdf
2025-12-27 22:55:18 - rag_chatbot - INFO - Loading PDF: /Users/kanavkalra/Data/genAI/projects/policies/Cyber Security/20250930153921_Business Continuity and Disaster Recovery Policy.pdf
2025-12-27 22:55:18 - rag_chatbot - INFO - Loaded 8 pages from 20250930153921_Business Continuity and Disaster Recovery Policy.pdf
2025-12-27 22:55:18 - rag_chatbot - INFO - Loading PDF: /Users/kanavkalra/Data/genAI/projects/policies/Cyber Security/20250930154344_Information Classification Policy.pdf
2025-12-27 22:55:18 - rag_chatbot - INFO - Loaded 5 pages from 20250930154344_Information Classification Policy.pdf
2025-12-27 22:55:18 - rag_chatbot - INFO - Loading PDF: /Users/kanavkalra/Data/genAI/projects/policies/Cyber Security/20250930154059_Cloud Security Policy.pdf
2025-12-27 22:55:18 - rag_chatbot - INFO - Loaded 4 pages from 20250930154059_Cloud Security Policy.pdf
2025-12-27 22:55:18 - rag_chatbot - INFO - Loading PDF: /Users/kanavkalra/Data/genAI/projects/policies/Cyber Security/20250930154317_Incident Management Policy.pdf
2025-12-27 22:55:18 - rag_chatbot - INFO - Loaded 8 pages from 20250930154317_Incident Management Policy.pdf
2025-12-27 22:55:18 - rag_chatbot - INFO - Loading PDF: /Users/kanavkalra/Data/genAI/projects/policies/Cyber Security/20250930154935_VAPT Policy .pdf
2025-12-27 22:55:18 - rag_chatbot - INFO - Loaded 13 pages from 20250930154935_VAPT Policy .pdf
2025-12-27 22:55:18 - rag_chatbot - INFO - Loading PDF: /Users/kanavkalra/Data/genAI/projects/policies/Cyber Security/20250930154027_Cloud Governance Policy.pdf
2025-12-27 22:55:18 - rag_chatbot - INFO - Loaded 6 pages from 20250930154027_Cloud Governance Policy.pdf
2025-12-27 22:55:18 - rag_chatbot - INFO - Loading PDF: /Users/kanavkalra/Data/genAI/projects/policies/Cyber Security/20250930154141_Cryptography Policies.pdf
2025-12-27 22:55:19 - rag_chatbot - INFO - Loaded 6 pages from 20250930154141_Cryptography Policies.pdf
2025-12-27 22:55:19 - rag_chatbot - INFO - Loading PDF: /Users/kanavkalra/Data/genAI/projects/policies/Cyber Security/20250930175842_Generative AI Usage - Guidelines.pdf
2025-12-27 22:55:19 - rag_chatbot - INFO - Loaded 10 pages from 20250930175842_Generative AI Usage - Guidelines.pdf
2025-12-27 22:55:19 - rag_chatbot - INFO - Loading PDF: /Users/kanavkalra/Data/genAI/projects/policies/Cyber Security/20250930154217_Cyber Security Policy.pdf
2025-12-27 22:55:19 - rag_chatbot - INFO - Loaded 16 pages from 20250930154217_Cyber Security Policy.pdf
2025-12-27 22:55:19 - rag_chatbot - INFO - Loading PDF: /Users/kanavkalra/Data/genAI/projects/policies/Cyber Security/20250930154540_Organization Information Security Policy.pdf
2025-12-27 22:55:19 - rag_chatbot - INFO - Loaded 16 pages from 20250930154540_Organization Information Security Policy.pdf
2025-12-27 22:55:19 - rag_chatbot - INFO - Loading PDF: /Users/kanavkalra/Data/genAI/projects/policies/Cyber Security/20250930154000_Change Management Policy.pdf
2025-12-27 22:55:19 - rag_chatbot - INFO - Loaded 5 pages from 20250930154000_Change Management Policy.pdf
2025-12-27 22:55:19 - rag_chatbot - INFO - Loading PDF: /Users/kanavkalra/Data/genAI/projects/policies/IT Policy/20250930170203_Password Security Guidelines.pdf
2025-12-27 22:55:19 - rag_chatbot - INFO - Loaded 6 pages from 20250930170203_Password Security Guidelines.pdf
2025-12-27 22:55:19 - rag_chatbot - INFO - Loading PDF: /Users/kanavkalra/Data/genAI/projects/policies/IT Policy/20250516173810_User Access Management - Google Authentication.pdf
2025-12-27 22:55:20 - rag_chatbot - INFO - Loaded 7 pages from 20250516173810_User Access Management - Google Authentication.pdf
2025-12-27 22:55:20 - rag_chatbot - INFO - Loading PDF: /Users/kanavkalra/Data/genAI/projects/policies/IT Policy/20250930165823_Acceptable Usage Guidelines.pdf
2025-12-27 22:55:20 - rag_chatbot - INFO - Loaded 14 pages from 20250930165823_Acceptable Usage Guidelines.pdf
2025-12-27 22:55:20 - rag_chatbot - INFO - Loading PDF: /Users/kanavkalra/Data/genAI/projects/policies/IT Policy/20250930170131_Onboarding and Offboarding Process.pdf
2025-12-27 22:55:20 - rag_chatbot - INFO - Loaded 6 pages from 20250930170131_Onboarding and Offboarding Process.pdf
2025-12-27 22:55:20 - rag_chatbot - INFO - Loading PDF: /Users/kanavkalra/Data/genAI/projects/policies/IT Policy/20250930170100_IT Incident Management (Freshservice Desk) (1).pdf
2025-12-27 22:55:20 - rag_chatbot - INFO - Loaded 9 pages from 20250930170100_IT Incident Management (Freshservice Desk) (1).pdf
2025-12-27 22:55:20 - rag_chatbot - INFO - Loading PDF: /Users/kanavkalra/Data/genAI/projects/policies/IT Policy/20250930170023_IT Exception Policy.pdf
2025-12-27 22:55:20 - rag_chatbot - INFO - Loaded 5 pages from 20250930170023_IT Exception Policy.pdf
2025-12-27 22:55:20 - rag_chatbot - INFO - Loading PDF: /Users/kanavkalra/Data/genAI/projects/policies/IT Policy/20250930165852_IT Asset Management Policy.pdf
2025-12-27 22:55:20 - rag_chatbot - INFO - Loaded 15 pages from 20250930165852_IT Asset Management Policy.pdf
2025-12-27 22:55:20 - rag_chatbot - INFO - Loading PDF: /Users/kanavkalra/Data/genAI/projects/policies/IT Policy/20250930165947_IT Endpoint Security  Hardening Guidelines.pdf
2025-12-27 22:55:20 - rag_chatbot - INFO - Loaded 23 pages from 20250930165947_IT Endpoint Security  Hardening Guidelines.pdf
2025-12-27 22:55:20 - rag_chatbot - INFO - Loading PDF: /Users/kanavkalra/Data/genAI/projects/policies/IT Policy/20250930175935_Virtual Private Network-VPN (Secure Remote Access).pdf
2025-12-27 22:55:21 - rag_chatbot - INFO - Loaded 6 pages from 20250930175935_Virtual Private Network-VPN (Secure Remote Access).pdf
2025-12-27 22:55:21 - rag_chatbot - INFO - Loading PDF: /Users/kanavkalra/Data/genAI/projects/policies/Administration/20251201100056_Procurement Policy.pdf
2025-12-27 22:55:21 - rag_chatbot - INFO - Loaded 14 pages from 20251201100056_Procurement Policy.pdf
2025-12-27 22:55:21 - rag_chatbot - INFO - Loading PDF: /Users/kanavkalra/Data/genAI/projects/policies/Administration/20250428113407_Mailroom Management.pdf
2025-12-27 22:55:21 - rag_chatbot - INFO - Loaded 3 pages from 20250428113407_Mailroom Management.pdf
2025-12-27 22:55:21 - rag_chatbot - INFO - Loading PDF: /Users/kanavkalra/Data/genAI/projects/policies/Administration/20250905172024_Admin Guidelines.pdf
2025-12-27 22:55:21 - rag_chatbot - INFO - Loaded 4 pages from 20250905172024_Admin Guidelines.pdf
2025-12-27 22:55:21 - rag_chatbot - INFO - Loading PDF: /Users/kanavkalra/Data/genAI/projects/policies/Administration/20231129104447_Fixed and Intangible Asset Policy 2.0.pdf
2025-12-27 22:55:21 - rag_chatbot - INFO - Loaded 15 pages from 20231129104447_Fixed and Intangible Asset Policy 2.0.pdf
2025-12-27 22:55:21 - rag_chatbot - INFO - Loading PDF: /Users/kanavkalra/Data/genAI/projects/policies/Administration/20210921133511_Lost_&_Found_Process.pdf
2025-12-27 22:55:21 - rag_chatbot - INFO - Loaded 2 pages from 20210921133511_Lost_&_Found_Process.pdf
2025-12-27 22:55:21 - rag_chatbot - INFO - Loading PDF: /Users/kanavkalra/Data/genAI/projects/policies/Risk/20220117183013_Compliance Risk Management FY20.pdf
2025-12-27 22:55:21 - rag_chatbot - INFO - Loaded 8 pages from 20220117183013_Compliance Risk Management FY20.pdf
2025-12-27 22:55:21 - rag_chatbot - INFO - Loading PDF: /Users/kanavkalra/Data/genAI/projects/policies/Risk/20240820143628_Risk Management Policy FY25.pdf
2025-12-27 22:55:21 - rag_chatbot - INFO - Loaded 8 pages from 20240820143628_Risk Management Policy FY25.pdf
2025-12-27 22:55:21 - rag_chatbot - INFO - Loading PDF: /Users/kanavkalra/Data/genAI/projects/policies/Risk/20250109115253_Risk Event Policy.pdf
2025-12-27 22:55:21 - rag_chatbot - INFO - Loaded 7 pages from 20250109115253_Risk Event Policy.pdf
2025-12-27 22:55:21 - rag_chatbot - INFO - Loading PDF: /Users/kanavkalra/Data/genAI/projects/policies/Risk/20240820143555_Operational Risk Framework_FY25.pdf
2025-12-27 22:55:22 - rag_chatbot - INFO - Loaded 22 pages from 20240820143555_Operational Risk Framework_FY25.pdf
2025-12-27 22:55:22 - rag_chatbot - INFO - Loading PDF: /Users/kanavkalra/Data/genAI/projects/policies/Risk/20241125104357_Doing Business Ethically and with Integrity.pdf
2025-12-27 22:55:22 - rag_chatbot - INFO - Loaded 8 pages from 20241125104357_Doing Business Ethically and with Integrity.pdf
2025-12-27 22:55:22 - rag_chatbot - INFO - Loading PDF: /Users/kanavkalra/Data/genAI/projects/policies/Risk/20240820143747_Risk Management Strategy and RAS_FY25.pdf
2025-12-27 22:55:22 - rag_chatbot - INFO - Loaded 18 pages from 20240820143747_Risk Management Strategy and RAS_FY25.pdf
2025-12-27 22:55:22 - rag_chatbot - INFO - Loading PDF: /Users/kanavkalra/Data/genAI/projects/policies/Risk/20250930154423_Modern Slavery Policy.pdf
2025-12-27 22:55:22 - rag_chatbot - INFO - Loaded 4 pages from 20250930154423_Modern Slavery Policy.pdf
2025-12-27 22:55:22 - rag_chatbot - INFO - Loading PDF: /Users/kanavkalra/Data/genAI/projects/policies/Culture/20251218144202_Culture_Code.pdf
2025-12-27 22:55:22 - rag_chatbot - INFO - Loaded 55 pages from 20251218144202_Culture_Code.pdf
2025-12-27 22:55:22 - rag_chatbot - INFO - Loading PDF: /Users/kanavkalra/Data/genAI/projects/policies/Culture/20250930121200_Vision, Mission and Values.pdf
2025-12-27 22:55:22 - rag_chatbot - INFO - Loaded 33 pages from 20250930121200_Vision, Mission and Values.pdf
2025-12-27 22:55:22 - rag_chatbot - INFO - Loading PDF: /Users/kanavkalra/Data/genAI/projects/policies/Culture/20251222155037_REA India Benefits 2025.pdf
2025-12-27 22:55:23 - rag_chatbot - INFO - Loaded 23 pages from 20251222155037_REA India Benefits 2025.pdf
2025-12-27 22:55:23 - rag_chatbot - INFO - Total documents loaded: 669 pages from 71 PDF files
2025-12-27 22:55:23 - rag_chatbot - INFO - Loaded 669 document pages from policies folder.
2025-12-27 22:55:23 - rag_chatbot - INFO - Backend initialization completed successfully.
